<?xml version="1.0" encoding="UTF-8"?>
<!-- Generated by org.testng.reporters.JUnitReportReporter -->
<testsuite hostname="DESKTOP-G7KI8KL" failures="0" tests="3" name="PersonalProjects.SeleniumFrameworkDesign.ErrorValidation" time="29.125" errors="0" timestamp="2024-04-29T12:40:01 CEST" skipped="0">
  <testcase classname="PersonalProjects.SeleniumFrameworkDesign.ErrorValidation" name="LoginErrorValidation" time="6.764"/>
  <testcase classname="PersonalProjects.SeleniumFrameworkDesign.ErrorValidation" name="ProductErrorValidation" time="11.914"/>
  <testcase classname="PersonalProjects.SeleniumFrameworkDesign.ErrorValidation" name="ProductErrorValidation" time="10.447"/>
</testsuite> <!-- PersonalProjects.SeleniumFrameworkDesign.ErrorValidation -->
