<?xml version="1.0" encoding="UTF-8"?>
<!-- Generated by org.testng.reporters.JUnitReportReporter -->
<testsuite hostname="DESKTOP-G7KI8KL" failures="0" tests="4" name="PersonalProjects.SeleniumFrameworkDesign.UpgradedStandAloneTest" time="41.144" errors="0" timestamp="2024-04-29T12:40:01 CEST" skipped="0">
  <testcase classname="PersonalProjects.SeleniumFrameworkDesign.UpgradedStandAloneTest" name="SubmitOrder" time="12.163"/>
  <testcase classname="PersonalProjects.SeleniumFrameworkDesign.UpgradedStandAloneTest" name="VerifyOrder" time="8.877"/>
  <testcase classname="PersonalProjects.SeleniumFrameworkDesign.UpgradedStandAloneTest" name="VerifyOrder" time="7.083"/>
  <testcase classname="PersonalProjects.SeleniumFrameworkDesign.UpgradedStandAloneTest" name="SubmitOrder" time="13.021"/>
</testsuite> <!-- PersonalProjects.SeleniumFrameworkDesign.UpgradedStandAloneTest -->
