<?xml version="1.0" encoding="UTF-8"?>
<!-- Generated by org.testng.reporters.JUnitReportReporter -->
<testsuite hostname="DESKTOP-G7KI8KL" failures="0" tests="2" name="PersonalProjects.SeleniumFrameworkDesign.UpgradedStandAloneTest" time="25.663" errors="0" timestamp="2024-04-26T15:58:32 CEST" skipped="0">
  <testcase classname="PersonalProjects.SeleniumFrameworkDesign.UpgradedStandAloneTest" name="SubmitOrder" time="11.921"/>
  <testcase classname="PersonalProjects.SeleniumFrameworkDesign.UpgradedStandAloneTest" name="SubmitOrder" time="13.742"/>
</testsuite> <!-- PersonalProjects.SeleniumFrameworkDesign.UpgradedStandAloneTest -->
