<?xml version="1.0" encoding="UTF-8"?>
<!-- Generated by org.testng.reporters.JUnitReportReporter -->
<testsuite hostname="DESKTOP-G7KI8KL" failures="0" tests="3" name="PersonalProjects.SeleniumFrameworkDesign.ErrorValidation" time="29.678" errors="0" timestamp="2024-04-24T14:13:51 CEST" skipped="0">
  <testcase classname="PersonalProjects.SeleniumFrameworkDesign.ErrorValidation" name="LoginErrorValidation" time="6.576"/>
  <testcase classname="PersonalProjects.SeleniumFrameworkDesign.ErrorValidation" name="ProductErrorValidation" time="12.331"/>
  <testcase classname="PersonalProjects.SeleniumFrameworkDesign.ErrorValidation" name="ProductErrorValidation" time="10.771"/>
</testsuite> <!-- PersonalProjects.SeleniumFrameworkDesign.ErrorValidation -->
