<?xml version="1.0" encoding="UTF-8"?>
<!-- Generated by org.testng.reporters.JUnitReportReporter -->
<testsuite hostname="DESKTOP-G7KI8KL" failures="0" tests="1" name="Cucumber.TestNGTestRunner" time="9.690" errors="0" timestamp="2024-04-27T09:54:49 CEST" skipped="0">
  <testcase classname="Cucumber.TestNGTestRunner" name="runScenario" time="9.690"/>
</testsuite> <!-- Cucumber.TestNGTestRunner -->
