<?xml version="1.0" encoding="UTF-8"?>
<!-- Generated by org.testng.reporters.JUnitReportReporter -->
<testsuite hostname="DESKTOP-G7KI8KL" failures="0" tests="3" name="PersonalProjects.SeleniumFrameworkDesign.ErrorValidation" time="28.585" errors="0" timestamp="2024-04-27T11:40:58 CEST" skipped="0">
  <testcase classname="PersonalProjects.SeleniumFrameworkDesign.ErrorValidation" name="LoginErrorValidation" time="5.880"/>
  <testcase classname="PersonalProjects.SeleniumFrameworkDesign.ErrorValidation" name="ProductErrorValidation" time="13.168"/>
  <testcase classname="PersonalProjects.SeleniumFrameworkDesign.ErrorValidation" name="ProductErrorValidation" time="9.537"/>
</testsuite> <!-- PersonalProjects.SeleniumFrameworkDesign.ErrorValidation -->
