<?xml version="1.0" encoding="UTF-8"?>
<!-- Generated by org.testng.reporters.JUnitReportReporter -->
<testsuite hostname="DESKTOP-G7KI8KL" failures="0" tests="4" name="PersonalProjects.SeleniumFrameworkDesign.UpgradedStandAloneTest" time="38.885" errors="0" timestamp="2024-04-27T10:41:46 CEST" skipped="0">
  <testcase classname="PersonalProjects.SeleniumFrameworkDesign.UpgradedStandAloneTest" name="SubmitOrder" time="11.850"/>
  <testcase classname="PersonalProjects.SeleniumFrameworkDesign.UpgradedStandAloneTest" name="VerifyOrder" time="8.411"/>
  <testcase classname="PersonalProjects.SeleniumFrameworkDesign.UpgradedStandAloneTest" name="VerifyOrder" time="6.786"/>
  <testcase classname="PersonalProjects.SeleniumFrameworkDesign.UpgradedStandAloneTest" name="SubmitOrder" time="11.838"/>
</testsuite> <!-- PersonalProjects.SeleniumFrameworkDesign.UpgradedStandAloneTest -->
